[22£º51£º54] Long callback execution detected (hang or performance issue)
[22£º51£º54] AMX backtrace:
[22£º51£º54] #0 0000c424 in public FIXES_OnGameModeInit () in racespeedtime.amx
[22£º51£º54] #1 00003bbc in public OnGameModeInit () in racespeedtime.amx
[22£º54£º49] Long callback execution detected (hang or performance issue)
[22£º54£º49] AMX backtrace:
[22£º54£º49] #0 00006058 in ?? (2047956, 2047928) in addobjects.amx
[22£º54£º49] #1 000021c0 in ?? (2047956) in addobjects.amx
[22£º54£º49] #2 000055a0 in public AddobjectsBegin () in addobjects.amx
[22£º54£º49] #3 00000080 in public OnFilterScriptInit () in addobjects.amx
[22£º54£º56] Long callback execution detected (hang or performance issue)
[22£º54£º56] AMX backtrace:
[22£º54£º56] #0 00000d88 in ?? (123) in racespeedtime.amx
[22£º54£º56] #1 0000c464 in public FIXES_OnGameModeInit () in racespeedtime.amx
[22£º54£º56] #2 00003bbc in public OnGameModeInit () in racespeedtime.amx
[22£º55£º19] Long callback execution detected (hang or performance issue)
[22£º55£º19] AMX backtrace:
[22£º55£º19] #0 0004e5f4 in public UpdateRaceQuery () in racespeedtime.amx
[22£º57£º50] Long callback execution detected (hang or performance issue)
[22£º57£º50] AMX backtrace:
[22£º57£º50] #0 00000d88 in ?? (19) in racespeedtime.amx
[22£º57£º50] #1 0000c464 in public FIXES_OnGameModeInit () in racespeedtime.amx
[22£º57£º50] #2 00003bbc in public OnGameModeInit () in racespeedtime.amx
[22£º58£º13] Long callback execution detected (hang or performance issue)
[22£º58£º13] AMX backtrace:
[22£º58£º13] #0 0004e4a8 in public UpdateRaceQuery () in racespeedtime.amx
[23£º06£º20] Server received interrupt signal
[23£º06£º20] Native backtrace:
[23£º06£º20] #0 76f32cfc in ?? () in C:\Windows\SYSTEM32\ntdll.dll
[23£º06£º20] #1 76a1492f in ?? () in C:\Windows\System32\KERNELBASE.dll
[23£º06£º20] #2 0048d53c in ?? () in samp-server.exe
[23£º06£º20] #3 0049b4a1 in ?? () in samp-server.exe
[23£º06£º20] #4 0049b4b1 in ?? () in samp-server.exe
[23£º06£º25] Long callback execution detected (hang or performance issue)
[23£º06£º25] AMX backtrace:
[23£º06£º25] #0 00005d08 in ?? (2050012, 2031876, 0, 2147483647) in addobjects.amx
[23£º06£º25] #1 0000557c in public AddobjectsBegin () in addobjects.amx
[23£º06£º25] #2 00000080 in public OnFilterScriptInit () in addobjects.amx
[23£º06£º33] Long callback execution detected (hang or performance issue)
[23£º06£º33] AMX backtrace:
[23£º06£º33] #0 00000d88 in ?? (123) in racespeedtime.amx
[23£º06£º33] #1 0000c464 in public FIXES_OnGameModeInit () in racespeedtime.amx
[23£º06£º33] #2 00003bbc in public OnGameModeInit () in racespeedtime.amx
[23£º09£º18] Long callback execution detected (hang or performance issue)
[23£º09£º18] AMX backtrace:
[23£º09£º18] #0 0000c454 in public FIXES_OnGameModeInit () in racespeedtime.amx
[23£º09£º18] #1 00003bbc in public OnGameModeInit () in racespeedtime.amx
[23£º09£º40] Long callback execution detected (hang or performance issue)
[23£º09£º40] AMX backtrace:
[23£º09£º40] #0 0004c928 in ?? (333) in racespeedtime.amx
[23£º09£º40] #1 0004e5d0 in public UpdateRaceQuery () in racespeedtime.amx
[23£º09£º57] Long callback execution detected (hang or performance issue)
[23£º09£º57] AMX backtrace:
[23£º09£º57] #0 00017724 in ?? (25098176, 25867168, 0, 2147483647) in racespeedtime.amx
[23£º09£º57] #1 00060d20 in ?? (25867168) in racespeedtime.amx
[23£º09£º57] #2 00066264 in ?? (72335868, 25867168) in racespeedtime.amx
[23£º09£º57] #3 00067f84 in ?? (6) in racespeedtime.amx
[23£º09£º57] #4 000bfa50 in public FIXES_OnPlayerKeyStateChange (6, 65536, 0) in racespeedtime.amx
[23£º09£º57] #5 00007334 in public OnPlayerKeyStateChange (6, 65536, 0) in racespeedtime.amx
[23£º09£º57] Run time error 4: "Array index out of bounds"
[23£º09£º57]  Attempted to read/write array element at negative index -1
[23£º09£º57] AMX backtrace:
[23£º09£º57] #0 000bfb8c in public FIXES_OnPlayerKeyStateChange (6, 65536, 0) in racespeedtime.amx
[23£º09£º57] #1 00007334 in public OnPlayerKeyStateChange (6, 65536, 0) in racespeedtime.amx
[23£º10£º01] Long callback execution detected (hang or performance issue)
[23£º10£º01] AMX backtrace:
[23£º10£º01] #0 000175b4 in ?? (25097028, 25868440, 0, 2147483647) in racespeedtime.amx
[23£º10£º01] #1 00060d20 in ?? (25868440) in racespeedtime.amx
[23£º10£º01] #2 00066264 in ?? (72335868, 25868440) in racespeedtime.amx
[23£º10£º01] #3 00067f84 in ?? (6) in racespeedtime.amx
[23£º10£º01] #4 000bfa50 in public FIXES_OnPlayerKeyStateChange (6, 65536, 0) in racespeedtime.amx
[23£º10£º01] #5 00007334 in public OnPlayerKeyStateChange (6, 65536, 0) in racespeedtime.amx
[23£º10£º01] Run time error 4: "Array index out of bounds"
[23£º10£º01]  Attempted to read/write array element at negative index -1
[23£º10£º01] AMX backtrace:
[23£º10£º01] #0 000bfb8c in public FIXES_OnPlayerKeyStateChange (6, 65536, 0) in racespeedtime.amx
[23£º10£º01] #1 00007334 in public OnPlayerKeyStateChange (6, 65536, 0) in racespeedtime.amx
[23£º10£º44] Long callback execution detected (hang or performance issue)
[23£º10£º44] AMX backtrace:
[23£º10£º44] #0 00017454 in ?? (25098340, 25868864, 0, 2147483647) in racespeedtime.amx
[23£º10£º44] #1 00060d20 in ?? (25868864) in racespeedtime.amx
[23£º10£º44] #2 00066264 in ?? (72335868, 25868864) in racespeedtime.amx
[23£º10£º44] #3 00067f84 in ?? (6) in racespeedtime.amx
[23£º10£º44] #4 000bfa50 in public FIXES_OnPlayerKeyStateChange (6, 65536, 0) in racespeedtime.amx
[23£º10£º44] #5 00007334 in public OnPlayerKeyStateChange (6, 65536, 0) in racespeedtime.amx
[23£º10£º44] Run time error 4: "Array index out of bounds"
[23£º10£º44]  Attempted to read/write array element at negative index -1
[23£º10£º44] AMX backtrace:
[23£º10£º44] #0 000bfb8c in public FIXES_OnPlayerKeyStateChange (6, 65536, 0) in racespeedtime.amx
[23£º10£º44] #1 00007334 in public OnPlayerKeyStateChange (6, 65536, 0) in racespeedtime.amx
[23£º19£º42] Long callback execution detected (hang or performance issue)
[23£º19£º42] AMX backtrace:
[23£º19£º42] #0 00000de0 in ?? (117) in racespeedtime.amx
[23£º19£º42] #1 0000c464 in public FIXES_OnGameModeInit () in racespeedtime.amx
[23£º19£º42] #2 00003bbc in public OnGameModeInit () in racespeedtime.amx
[23£º22£º21] Long callback execution detected (hang or performance issue)
[23£º22£º21] AMX backtrace:
[23£º22£º21] #0 00000f48 in ?? (65535) in racespeedtime.amx
[23£º22£º21] #1 00003a34 in public OnGameModeInit () in racespeedtime.amx
[23£º24£º46] Long callback execution detected (hang or performance issue)
[23£º24£º46] AMX backtrace:
[23£º24£º46] #0 0000c45c in public FIXES_OnGameModeInit () in racespeedtime.amx
[23£º24£º46] #1 00003bbc in public OnGameModeInit () in racespeedtime.amx
[23£º27£º46] Long callback execution detected (hang or performance issue)
[23£º27£º46] AMX backtrace:
[23£º27£º46] #0 00001900 in ?? (65535) in racespeedtime.amx
[23£º27£º46] #1 00003a34 in public OnGameModeInit () in racespeedtime.amx
[23£º39£º19] Server received interrupt signal
[23£º39£º19] Native backtrace:
[23£º39£º19] #0 76f32cfc in ?? () in C:\Windows\SYSTEM32\ntdll.dll
[23£º39£º19] #1 76a1492f in ?? () in C:\Windows\System32\KERNELBASE.dll
[23£º39£º19] #2 0048d53c in ?? () in samp-server.exe
[23£º39£º19] #3 0049b4a1 in ?? () in samp-server.exe
[23£º39£º19] #4 0049b4b1 in ?? () in samp-server.exe
[23£º39£º24] Long callback execution detected (hang or performance issue)
[23£º39£º24] AMX backtrace:
[23£º39£º24] #0 00001c48 in ?? (2047956) in addobjects.amx
[23£º39£º24] #1 000055a0 in public AddobjectsBegin () in addobjects.amx
[23£º39£º24] #2 00000080 in public OnFilterScriptInit () in addobjects.amx
[23£º39£º31] Long callback execution detected (hang or performance issue)
[23£º39£º31] AMX backtrace:
[23£º39£º31] #0 00000d88 in ?? (123) in racespeedtime.amx
[23£º39£º31] #1 0000c464 in public FIXES_OnGameModeInit () in racespeedtime.amx
[23£º39£º31] #2 00003bbc in public OnGameModeInit () in racespeedtime.amx
[23£º39£º53] Long callback execution detected (hang or performance issue)
[23£º39£º53] AMX backtrace:
[23£º39£º53] #0 0004e580 in public UpdateRaceQuery () in racespeedtime.amx
[23£º54£º52] Long callback execution detected (hang or performance issue)
[23£º54£º52] AMX backtrace:
[23£º54£º52] #0 00000d80 in ?? (22) in racespeedtime.amx
[23£º54£º52] #1 0000c464 in public FIXES_OnGameModeInit () in racespeedtime.amx
[23£º54£º52] #2 00003bbc in public OnGameModeInit () in racespeedtime.amx
